                                        ѧϵͳ	
 --------------------------------------------------------------------------------------------------------------	
                                        1.½	
                                        2.	
                                        3.ɾ	
                                        4.	
                                        5.ͳ	
                                        6.޸	
                                        7.鿴洢	
                                        8.Ƭ	
                                        0.˳	
 --------------------------------------------------------------------------------------------------------------	
 ѡ	
2	
	
                                        ѧϢ	
 --------------------------------------------------------------------------------------------------------------	
 1. ѧţ123 |  | 绰110 | 䣺22 | CԳɼ59.80	
 2. ѧţ54864 | Ͻ | 绰029-85139856 | 䣺22 | CԳɼ92.30	
 3. ѧţ749826 | ˾ | 绰029+85139856 | 䣺19 | CԳɼ89.99	
 --------------------------------------------------------------------------------------------------------------	
                                        ѧϵͳ	
 --------------------------------------------------------------------------------------------------------------	
                                        1.½	
                                        2.	
                                        3.ɾ	
                                        4.	
                                        5.ͳ	
                                        6.޸	
                                        7.鿴洢	
                                        8.Ƭ	
                                        0.˳	
 --------------------------------------------------------------------------------------------------------------	
 ѡ	
7	
	
                                        鿴洢	
 ÿݿ飨 / СΪ4ֽڣ	
 --------------------------------------------------------------------------------------------------------------	
            	
  	
 --------------------------------------------------------------------------------------------------------------	
                                        ѧϵͳ	
 --------------------------------------------------------------------------------------------------------------	
                                        1.½	
                                        2.	
                                        3.ɾ	
                                        4.	
                                        5.ͳ	
                                        6.޸	
                                        7.鿴洢	
                                        8.Ƭ	
                                        0.˳	
 --------------------------------------------------------------------------------------------------------------	
 ѡ	
8	
	
                                        Ƭ	
 Ƭǰ	
 --------------------------------------------------------------------------------------------------------------	
 ÿݿ飨 / СΪ4ֽڣ	
 --------------------------------------------------------------------------------------------------------------	
            	
  	
 --------------------------------------------------------------------------------------------------------------	
	
 Ƭ	
 --------------------------------------------------------------------------------------------------------------	
 ÿݿ飨 / СΪ4ֽڣ	
 --------------------------------------------------------------------------------------------------------------	
            	
  	
 --------------------------------------------------------------------------------------------------------------	
                                        ѧϵͳ	
 --------------------------------------------------------------------------------------------------------------	
                                        1.½	
                                        2.	
                                        3.ɾ	
                                        4.	
                                        5.ͳ	
                                        6.޸	
                                        7.鿴洢	
                                        8.Ƭ	
                                        0.˳	
 --------------------------------------------------------------------------------------------------------------	
 ѡ	
1	
	
                                        ½ѧϢ	
 --------------------------------------------------------------------------------------------------------------	
 ѧţ	
1320044054	
	
 	
˾	
	
 绰	
13110388922	
	
 գʽΪyyyy-mm-dd	
1995-5-30	
	
 CԳɼȷСλ	
79.800003	
	
 --------------------------------------------------------------------------------------------------------------	
 ½ɹ	
                                        ѧϵͳ	
 --------------------------------------------------------------------------------------------------------------	
                                        1.½	
                                        2.	
                                        3.ɾ	
                                        4.	
                                        5.ͳ	
                                        6.޸	
                                        7.鿴洢	
                                        8.Ƭ	
                                        0.˳	
 --------------------------------------------------------------------------------------------------------------	
 ѡ	
2	
	
                                        ѧϢ	
 --------------------------------------------------------------------------------------------------------------	
 1. ѧţ123 |  | 绰110 | 䣺22 | CԳɼ59.80	
 2. ѧţ54864 | Ͻ | 绰029-85139856 | 䣺22 | CԳɼ92.30	
 3. ѧţ749826 | ˾ | 绰029+85139856 | 䣺19 | CԳɼ89.99	
 4. ѧţ1320044054 | ˾ | 绰13110388922 | 䣺22 | CԳɼ79.80	
 --------------------------------------------------------------------------------------------------------------	
                                        ѧϵͳ	
 --------------------------------------------------------------------------------------------------------------	
                                        1.½	
                                        2.	
                                        3.ɾ	
                                        4.	
                                        5.ͳ	
                                        6.޸	
                                        7.鿴洢	
                                        8.Ƭ	
                                        0.˳	
 --------------------------------------------------------------------------------------------------------------	
 ѡ	
1	
	
                                        ½ѧϢ	
 --------------------------------------------------------------------------------------------------------------	
 ѧţ	
749826	
	
 	
˾	
	
 绰	
85139856	
	
 գʽΪyyyy-mm-dd	
1998-4-30	
	
 CԳɼȷСλ	
89.989998	
	
 --------------------------------------------------------------------------------------------------------------	
 ½ɹ	
                                        ѧϵͳ	
 --------------------------------------------------------------------------------------------------------------	
                                        1.½	
                                        2.	
                                        3.ɾ	
                                        4.	
                                        5.ͳ	
                                        6.޸	
                                        7.鿴洢	
                                        8.Ƭ	
                                        0.˳	
 --------------------------------------------------------------------------------------------------------------	
 ѡ	
2	
	
                                        ѧϢ	
 --------------------------------------------------------------------------------------------------------------	
 1. ѧţ123 |  | 绰110 | 䣺22 | CԳɼ59.80	
 2. ѧţ54864 | Ͻ | 绰029-85139856 | 䣺22 | CԳɼ92.30	
 3. ѧţ749826 | ˾ | 绰029+85139856 | 䣺19 | CԳɼ89.99	
 4. ѧţ1320044054 | ˾ | 绰13110388922 | 䣺22 | CԳɼ79.80	
 5. ѧţ749826 | ˾ | 绰85139856 | 䣺19 | CԳɼ89.99	
 --------------------------------------------------------------------------------------------------------------	
                                        ѧϵͳ	
 --------------------------------------------------------------------------------------------------------------	
                                        1.½	
                                        2.	
                                        3.ɾ	
                                        4.	
                                        5.ͳ	
                                        6.޸	
                                        7.鿴洢	
                                        8.Ƭ	
                                        0.˳	
 --------------------------------------------------------------------------------------------------------------	
 ѡ	
1	
	
                                        ½ѧϢ	
 --------------------------------------------------------------------------------------------------------------	
 ѧţ	
54864	
	
 	
Ͻ	
	
 绰	
+86	
	
 գʽΪyyyy-mm-dd	
1995-3-11	
	
 CԳɼȷСλ	
92.300003	
	
 --------------------------------------------------------------------------------------------------------------	
 ½ɹ	
                                        ѧϵͳ	
 --------------------------------------------------------------------------------------------------------------	
                                        1.½	
                                        2.	
                                        3.ɾ	
                                        4.	
                                        5.ͳ	
                                        6.޸	
                                        7.鿴洢	
                                        8.Ƭ	
                                        0.˳	
 --------------------------------------------------------------------------------------------------------------	
 ѡ	
2	
	
                                        ѧϢ	
 --------------------------------------------------------------------------------------------------------------	
 1. ѧţ123 |  | 绰110 | 䣺22 | CԳɼ59.80	
 2. ѧţ54864 | Ͻ | 绰029-85139856 | 䣺22 | CԳɼ92.30	
 3. ѧţ749826 | ˾ | 绰029+85139856 | 䣺19 | CԳɼ89.99	
 4. ѧţ1320044054 | ˾ | 绰13110388922 | 䣺22 | CԳɼ79.80	
 5. ѧţ749826 | ˾ | 绰85139856 | 䣺19 | CԳɼ89.99	
 6. ѧţ54864 | Ͻ | 绰+86 | 䣺22 | CԳɼ92.30	
 --------------------------------------------------------------------------------------------------------------	
                                        ѧϵͳ	
 --------------------------------------------------------------------------------------------------------------	
                                        1.½	
                                        2.	
                                        3.ɾ	
                                        4.	
                                        5.ͳ	
                                        6.޸	
                                        7.鿴洢	
                                        8.Ƭ	
                                        0.˳	
 --------------------------------------------------------------------------------------------------------------	
 ѡ	
6	
	
                                        ޸ѧϢ	
 ޸ĵѧб	
 --------------------------------------------------------------------------------------------------------------	
 1. ѧţ123 |  | 绰110 | 䣺22 | CԳɼ59.80	
 2. ѧţ54864 | Ͻ | 绰029-85139856 | 䣺22 | CԳɼ92.30	
 3. ѧţ749826 | ˾ | 绰029+85139856 | 䣺19 | CԳɼ89.99	
 4. ѧţ1320044054 | ˾ | 绰13110388922 | 䣺22 | CԳɼ79.80	
 5. ѧţ749826 | ˾ | 绰85139856 | 䣺19 | CԳɼ89.99	
 6. ѧţ54864 | Ͻ | 绰+86 | 䣺22 | CԳɼ92.30	
 --------------------------------------------------------------------------------------------------------------	
 Ҫ޸ĵѧϢţ0˳޸ģ	
3	
	
 ޸ģ	
 --------------------------------------------------------------------------------------------------------------	
 3. ѧţ749826 | ˾ | 绰029+85139856 | 䣺19 | CԳɼ89.99	
 --------------------------------------------------------------------------------------------------------------	
                                        1.ѧ	
                                        2.	
                                        3.绰	
                                        4.	
                                        5.CԳɼ	
                                        0.˳޸	
 --------------------------------------------------------------------------------------------------------------	
 ѡ	
3	
	
 µĵ绰	
+8613772833605	
	
 ޸ĳɹ	
                                        ѧϵͳ	
 --------------------------------------------------------------------------------------------------------------	
                                        1.½	
                                        2.	
                                        3.ɾ	
                                        4.	
                                        5.ͳ	
                                        6.޸	
                                        7.鿴洢	
                                        8.Ƭ	
                                        0.˳	
 --------------------------------------------------------------------------------------------------------------	
 ѡ	
7	
	
                                        鿴洢	
 ÿݿ飨 / СΪ4ֽڣ	
 --------------------------------------------------------------------------------------------------------------	
            	
       	
 --------------------------------------------------------------------------------------------------------------	
                                        ѧϵͳ	
 --------------------------------------------------------------------------------------------------------------	
                                        1.½	
                                        2.	
                                        3.ɾ	
                                        4.	
                                        5.ͳ	
                                        6.޸	
                                        7.鿴洢	
                                        8.Ƭ	
                                        0.˳	
 --------------------------------------------------------------------------------------------------------------	
 ѡ	
6	
	
                                        ޸ѧϢ	
 ޸ĵѧб	
 --------------------------------------------------------------------------------------------------------------	
 1. ѧţ123 |  | 绰110 | 䣺22 | CԳɼ59.80	
 2. ѧţ54864 | Ͻ | 绰029-85139856 | 䣺22 | CԳɼ92.30	
 3. ѧţ1320044054 | ˾ | 绰13110388922 | 䣺22 | CԳɼ79.80	
 4. ѧţ749826 | ˾ | 绰85139856 | 䣺19 | CԳɼ89.99	
 5. ѧţ54864 | Ͻ | 绰+86 | 䣺22 | CԳɼ92.30	
 6. ѧţ749826 | ˾ | 绰+8613772833605 | 䣺19 | CԳɼ89.99	
 --------------------------------------------------------------------------------------------------------------	
 Ҫ޸ĵѧϢţ0˳޸ģ	
2	
	
 ޸ģ	
 --------------------------------------------------------------------------------------------------------------	
 2. ѧţ54864 | Ͻ | 绰029-85139856 | 䣺22 | CԳɼ92.30	
 --------------------------------------------------------------------------------------------------------------	
                                        1.ѧ	
                                        2.	
                                        3.绰	
                                        4.	
                                        5.CԳɼ	
                                        0.˳޸	
 --------------------------------------------------------------------------------------------------------------	
 ѡ	
3	
	
 µĵ绰	
029+85139856	
	
                                        ѧϵͳ	
 --------------------------------------------------------------------------------------------------------------	
                                        1.½	
                                        2.	
                                        3.ɾ	
                                        4.	
                                        5.ͳ	
                                        6.޸	
                                        7.鿴洢	
                                        8.Ƭ	
                                        0.˳	
 --------------------------------------------------------------------------------------------------------------	
 ѡ	
7	
	
                                        鿴洢	
 ÿݿ飨 / СΪ4ֽڣ	
 --------------------------------------------------------------------------------------------------------------	
            	
       	
 --------------------------------------------------------------------------------------------------------------	
                                        ѧϵͳ	
 --------------------------------------------------------------------------------------------------------------	
                                        1.½	
                                        2.	
                                        3.ɾ	
                                        4.	
                                        5.ͳ	
                                        6.޸	
                                        7.鿴洢	
                                        8.Ƭ	
                                        0.˳	
 --------------------------------------------------------------------------------------------------------------	
 ѡ	
6	
	
                                        ޸ѧϢ	
 ޸ĵѧб	
 --------------------------------------------------------------------------------------------------------------	
 1. ѧţ123 |  | 绰110 | 䣺22 | CԳɼ59.80	
 2. ѧţ54864 | Ͻ | 绰029+85139856 | 䣺22 | CԳ92.30	
 3. ѧţ1320044054 | ˾ | 绰13110388922 | 䣺22 | CԳɼ79.80	
 4. ѧţ749826 | ˾ | 绰85139856 | 䣺19 | CԳɼ89.99	
 5. ѧţ54864 | Ͻ | 绰+86 | 䣺22 | CԳɼ92.30	
 6. ѧţ749826 | ˾ | 绰+8613772833605 | 䣺19 | CԳɼ89.99	
 --------------------------------------------------------------------------------------------------------------	
 Ҫ޸ĵѧϢţ0˳޸ģ	
2	
	
 ޸ģ	
 --------------------------------------------------------------------------------------------------------------	
 2. ѧţ54864 | Ͻ | 绰029+85139856 | 䣺22 | CԳɼ92.30	
 --------------------------------------------------------------------------------------------------------------	
                                        1.ѧ	
                                        2.	
                                        3.绰	
                                        4.	
                                        5.CԳɼ	
                                        0.˳޸	
 --------------------------------------------------------------------------------------------------------------	
 ѡ	
3	
	
 µĵ绰	
029-85139856	
	
                                        ѧϵͳ	
 --------------------------------------------------------------------------------------------------------------	
                                        1.½	
                                        2.	
                                        3.ɾ	
                                        4.	
                                        5.ͳ	
                                        6.޸	
                                        7.鿴洢	
                                        8.Ƭ	
                                        0.˳	
 --------------------------------------------------------------------------------------------------------------	
 ѡ	
7	
	
                                        鿴洢	
 ÿݿ飨 / СΪ4ֽڣ	
 --------------------------------------------------------------------------------------------------------------	
            	
       	
 --------------------------------------------------------------------------------------------------------------	
                                        ѧϵͳ	
 --------------------------------------------------------------------------------------------------------------	
                                        1.½	
                                        2.	
                                        3.ɾ	
                                        4.	
                                        5.ͳ	
                                        6.޸	
                                        7.鿴洢	
                                        8.Ƭ	
                                        0.˳	
 --------------------------------------------------------------------------------------------------------------	
 ѡ	
2	
	
                                        ѧϢ	
 --------------------------------------------------------------------------------------------------------------	
 1. ѧţ123 |  | 绰110 | 䣺22 | CԳɼ59.80	
 2. ѧţ54864 | Ͻ | 绰029-85139856 | 䣺22 | CԳɼ92.30	
 3. ѧţ1320044054 | ˾ | 绰13110388922 | 䣺22 | CԳɼ79.80	
 4. ѧţ749826 | ˾ | 绰85139856 | 䣺19 | CԳɼ89.99	
 5. ѧţ54864 | Ͻ | 绰+86 | 䣺22 | CԳɼ92.30	
 6. ѧţ749826 | ˾ | 绰+8613772833605 | 䣺19 | CԳɼ89.99	
 --------------------------------------------------------------------------------------------------------------	
                                        ѧϵͳ	
 --------------------------------------------------------------------------------------------------------------	
                                        1.½	
                                        2.	
                                        3.ɾ	
                                        4.	
                                        5.ͳ	
                                        6.޸	
                                        7.鿴洢	
                                        8.Ƭ	
                                        0.˳	
 --------------------------------------------------------------------------------------------------------------	
 ѡ	
1	
	
                                        ½ѧϢ	
 --------------------------------------------------------------------------------------------------------------	
 ѧţ	
123	
	
 	
	
	
 绰	
110	
	
 գʽΪyyyy-mm-dd	
1995-6-27	
	
 CԳɼȷСλ	
59.799999	
	
 --------------------------------------------------------------------------------------------------------------	
 ½ɹ	
                                        ѧϵͳ	
 --------------------------------------------------------------------------------------------------------------	
                                        1.½	
                                        2.	
                                        3.ɾ	
                                        4.	
                                        5.ͳ	
                                        6.޸	
                                        7.鿴洢	
                                        8.Ƭ	
                                        0.˳	
 --------------------------------------------------------------------------------------------------------------	
 ѡ	
2	
	
                                        ѧϢ	
 --------------------------------------------------------------------------------------------------------------	
 1. ѧţ123 |  | 绰110 | 䣺22 | CԳɼ59.80	
 2. ѧţ54864 | Ͻ | 绰029-85139856 | 䣺22 | CԳɼ92.30	
 3. ѧţ123 |  | 绰110 | 䣺22 | CԳɼ59.80	
 4. ѧţ1320044054 | ˾ | 绰13110388922 | 䣺22 | CԳɼ79.80	
 5. ѧţ749826 | ˾ | 绰85139856 | 䣺19 | CԳɼ89.99	
 6. ѧţ54864 | Ͻ | 绰+86 | 䣺22 | CԳɼ92.30	
 7. ѧţ749826 | ˾ | 绰+8613772833605 | 䣺19 | CԳɼ89.99	
 --------------------------------------------------------------------------------------------------------------	
                                        ѧϵͳ	
 --------------------------------------------------------------------------------------------------------------	
                                        1.½	
                                        2.	
                                        3.ɾ	
                                        4.	
                                        5.ͳ	
                                        6.޸	
                                        7.鿴洢	
                                        8.Ƭ	
                                        0.˳	
 --------------------------------------------------------------------------------------------------------------	
 ѡ	
7	
	
                                        鿴洢	
 ÿݿ飨 / СΪ4ֽڣ	
 --------------------------------------------------------------------------------------------------------------	
            	
       	
 --------------------------------------------------------------------------------------------------------------	
                                        ѧϵͳ	
 --------------------------------------------------------------------------------------------------------------	
                                        1.½	
                                        2.	
                                        3.ɾ	
                                        4.	
                                        5.ͳ	
                                        6.޸	
                                        7.鿴洢	
                                        8.Ƭ	
                                        0.˳	
 --------------------------------------------------------------------------------------------------------------	
 ѡ	
8	
	
                                        Ƭ	
 Ƭǰ	
 --------------------------------------------------------------------------------------------------------------	
 ÿݿ飨 / СΪ4ֽڣ	
 --------------------------------------------------------------------------------------------------------------	
            	
       	
 --------------------------------------------------------------------------------------------------------------	
	
 Ƭ	
 --------------------------------------------------------------------------------------------------------------	
 ÿݿ飨 / СΪ4ֽڣ	
 --------------------------------------------------------------------------------------------------------------	
            	
       	
 --------------------------------------------------------------------------------------------------------------	
                                        ѧϵͳ	
 --------------------------------------------------------------------------------------------------------------	
                                        1.½	
                                        2.	
                                        3.ɾ	
                                        4.	
                                        5.ͳ	
                                        6.޸	
                                        7.鿴洢	
                                        8.Ƭ	
                                        0.˳	
 --------------------------------------------------------------------------------------------------------------	
 ѡ	
5	
	
                                        ͳѧϢ	
 --------------------------------------------------------------------------------------------------------------	
                                        һУ7 ѧ	
                                        ߷֣ 92.30	
                                        ͷ֣ 59.80	
                                        ƽ֣ 80.57	
                                        ܷ  563.98	
 --------------------------------------------------------------------------------------------------------------	
                                        ѧϵͳ	
 --------------------------------------------------------------------------------------------------------------	
                                        1.½	
                                        2.	
                                        3.ɾ	
                                        4.	
                                        5.ͳ	
                                        6.޸	
                                        7.鿴洢	
                                        8.Ƭ	
                                        0.˳	
 --------------------------------------------------------------------------------------------------------------	
 ѡ	
4	
	
                                        ѧϢ	
 --------------------------------------------------------------------------------------------------------------	
                                        1.Ų	
                                        2.ѧ	
                                        3.ģ	
                                        4.绰ģ	
                                        0.	
 --------------------------------------------------------------------------------------------------------------	
 ţ	
1	
	
 Ҫҵѧţ	
1	
	
 --------------------------------------------------------------------------------------------------------------	
 2. ѧţ54864 | Ͻ | 绰029-85139856 | 䣺22 | CԳɼ92.30	
 --------------------------------------------------------------------------------------------------------------	
                                        ѧϵͳ	
 --------------------------------------------------------------------------------------------------------------	
                                        1.½	
                                        2.	
                                        3.ɾ	
                                        4.	
                                        5.ͳ	
                                        6.޸	
                                        7.鿴洢	
                                        8.Ƭ	
                                        0.˳	
 --------------------------------------------------------------------------------------------------------------	
 ѡ	
4	
	
                                        ѧϢ	
 --------------------------------------------------------------------------------------------------------------	
                                        1.Ų	
                                        2.ѧģ	
                                        3.ģ	
                                        4.绰ģ	
                                        0.	
 --------------------------------------------------------------------------------------------------------------	
 ţ	
2	
	
 Ҫҵݣ	
˾	
	
 --------------------------------------------------------------------------------------------------------------	
 ûҵָѧϢ --------------------------------------------------------------------------------------------------------------	
                                        ѧϵͳ	
 --------------------------------------------------------------------------------------------------------------	
                                        1.½	
                                        2.	
                                        3.ɾ	
                                        4.	
                                        5.ͳ	
                                        6.޸	
                                        7.鿴洢	
                                        8.Ƭ	
                                        0.˳	
 --------------------------------------------------------------------------------------------------------------	
 ѡ	
3	
	
                                        ɾѧϢ	
 ɾѧб	
 --------------------------------------------------------------------------------------------------------------	
 1. ѧţ123 |  | 绰110 | 䣺22 | CԳɼ59.80	
 2. ѧţ54864 | Ͻ | 绰029-85139856 | 䣺22 | CԳɼ92.30	
 3. ѧţ123 |  | 绰110 | 䣺22 | CԳɼ59.80	
 4. ѧţ1320044054 | ˾ | 绰13110388922 | 䣺22 | CԳɼ79.80	
 5. ѧţ749826 | ˾ | 绰85139856 | 䣺19 | CԳɼ89.99	
 6. ѧţ54864 | Ͻ | 绰+86 | 䣺22 | CԳɼ92.30	
 7. ѧţ749826 | ˾ | 绰+8613772833605 | 䣺19 | CԳɼ89.99	
 --------------------------------------------------------------------------------------------------------------	
 ҪɾѧϢţ0˳ɾ	
1	
	
 ɾ	
 --------------------------------------------------------------------------------------------------------------	
 1. ѧţ123 |  | 绰110 | 䣺22 | CԳɼ59.80	
 --------------------------------------------------------------------------------------------------------------	
 ɾɹ	
                                        ѧϵͳ	
 --------------------------------------------------------------------------------------------------------------	
                                        1.½	
                                        2.	
                                        3.ɾ	
                                        4.	
                                        5.ͳ	
                                        6.޸	
                                        7.鿴洢	
                                        8.Ƭ	
                                        0.˳	
 --------------------------------------------------------------------------------------------------------------	
 ѡ	
2	
	
                                        ѧϢ	
 --------------------------------------------------------------------------------------------------------------	
 1. ѧţ54864 | Ͻ | 绰029-85139856 | 䣺22 | CԳɼ92.30	
 2. ѧţ123 |  | 绰110 | 䣺22 | CԳɼ59.80	
 3. ѧţ1320044054 | ˾ | 绰13110388922 | 䣺22 | CԳɼ79.80	
 4. ѧţ749826 | ˾ | 绰85139856 | 䣺19 | CԳɼ89.99	
 5. ѧţ54864 | Ͻ | 绰+86 | 䣺22 | CԳɼ92.30	
 6. ѧţ749826 | ˾ | 绰+8613772833605 | 䣺19 | CԳɼ89.99	
 --------------------------------------------------------------------------------------------------------------	
                                        ѧϵͳ	
 --------------------------------------------------------------------------------------------------------------	
                                        1.½	
                                        2.	
                                        3.ɾ	
                                        4.	
                                        5.ͳ	
                                        6.޸	
                                        7.鿴洢	
                                        8.Ƭ	
                                        0.˳	
 --------------------------------------------------------------------------------------------------------------	
 ѡ	
5	
	
                                        ͳѧϢ	
 --------------------------------------------------------------------------------------------------------------	
                                        һУ6 ѧ	
                                        ߷֣ 92.30	
                                        ͷ֣ 59.80	
                                        ƽ֣ 84.03	
                                        ܷ  504.18	
 --------------------------------------------------------------------------------------------------------------	
                                        ѧϵͳ	
 --------------------------------------------------------------------------------------------------------------	
                                        1.½	
                                        2.	
                                        3.ɾ	
                                        4.	
                                        5.ͳ	
                                        6.޸	
                                        7.鿴洢	
                                        8.Ƭ	
                                        0.˳	
 --------------------------------------------------------------------------------------------------------------	
 ѡ	
8	
	
                                        Ƭ	
 Ƭǰ	
 --------------------------------------------------------------------------------------------------------------	
 ÿݿ飨 / СΪ4ֽڣ	
 --------------------------------------------------------------------------------------------------------------	
            	
       	
 --------------------------------------------------------------------------------------------------------------	
	
 Ƭ	
 --------------------------------------------------------------------------------------------------------------	
 ÿݿ飨 / СΪ4ֽڣ	
 --------------------------------------------------------------------------------------------------------------	
            	
       	
 --------------------------------------------------------------------------------------------------------------	
                                        ѧϵͳ	
 --------------------------------------------------------------------------------------------------------------	
                                        1.½	
                                        2.	
                                        3.ɾ	
                                        4.	
                                        5.ͳ	
                                        6.޸	
                                        7.鿴洢	
                                        8.Ƭ	
                                        0.˳	
 --------------------------------------------------------------------------------------------------------------	
 ѡ	
0	
	
